[ 2018-04-23T16:09:22+08:00 ] 0.0.0.0 /ThinkPHP_3.1.3_full/webstock/index.php
INFO: [ app_begin ] --START--
INFO: ReadHtmlCache Behavior ::run [ RunTime:0.000000s ]
INFO: [ app_begin ] --END-- [ RunTime:0.000000s ]
NOTIC: [2048] Declaration of IndexAction::show() should be compatible with that of Action::show() E:\phpstudy\PHPTutorial\WWW\ThinkPHP_3.1.3_full\webstock\Lib\Action\IndexAction.class.php 第 12 行.
INFO: [ view_parse ] --START--
INFO: ParseTemplate Behavior ::run [ RunTime:0.010001s ]
INFO: [ view_parse ] --END-- [ RunTime:0.010001s ]
INFO: [ view_filter ] --START--
INFO: ContentReplace Behavior ::run [ RunTime:0.001000s ]
INFO: TokenBuild Behavior ::run [ RunTime:0.000000s ]
INFO: WriteHtmlCache Behavior ::run [ RunTime:0.000000s ]
INFO: ShowRuntime Behavior ::run [ RunTime:0.001000s ]
INFO: [ view_filter ] --END-- [ RunTime:0.002000s ]
INFO: [ view_end ] --START--
INFO: ShowPageTrace Behavior ::run [ RunTime:0.000000s ]
INFO: [ view_end ] --END-- [ RunTime:0.000000s ]

[ 2018-04-23T16:09:24+08:00 ] 0.0.0.0 /ThinkPHP_3.1.3_full/webstock/
INFO: [ app_begin ] --START--
INFO: ReadHtmlCache Behavior ::run [ RunTime:0.001000s ]
INFO: [ app_begin ] --END-- [ RunTime:0.001000s ]
NOTIC: [2048] Declaration of IndexAction::show() should be compatible with that of Action::show() E:\phpstudy\PHPTutorial\WWW\ThinkPHP_3.1.3_full\webstock\Lib\Action\IndexAction.class.php 第 12 行.
INFO: [ view_parse ] --START--
INFO: ParseTemplate Behavior ::run [ RunTime:0.003000s ]
INFO: [ view_parse ] --END-- [ RunTime:0.003000s ]
INFO: [ view_filter ] --START--
INFO: ContentReplace Behavior ::run [ RunTime:0.001000s ]
INFO: TokenBuild Behavior ::run [ RunTime:0.000000s ]
INFO: WriteHtmlCache Behavior ::run [ RunTime:0.000000s ]
INFO: ShowRuntime Behavior ::run [ RunTime:0.001000s ]
INFO: [ view_filter ] --END-- [ RunTime:0.002000s ]
INFO: [ view_end ] --START--
INFO: ShowPageTrace Behavior ::run [ RunTime:0.000000s ]
INFO: [ view_end ] --END-- [ RunTime:0.000000s ]

[ 2018-04-23T17:06:40+08:00 ] 0.0.0.0 /ThinkPHP_3.1.3_full/webstock/
INFO: [ app_begin ] --START--
INFO: ReadHtmlCache Behavior ::run [ RunTime:0.000000s ]
INFO: [ app_begin ] --END-- [ RunTime:0.000000s ]
NOTIC: [2] Missing argument 1 for IndexAction::__construct(), called in E:\phpstudy\PHPTutorial\WWW\ThinkPHP_3.1.3_full\ThinkPHP\Common\common.php on line 466 and defined E:\phpstudy\PHPTutorial\WWW\ThinkPHP_3.1.3_full\webstock\Lib\Action\IndexAction.class.php 第 23 行.
NOTIC: [2] Missing argument 2 for IndexAction::__construct(), called in E:\phpstudy\PHPTutorial\WWW\ThinkPHP_3.1.3_full\ThinkPHP\Common\common.php on line 466 and defined E:\phpstudy\PHPTutorial\WWW\ThinkPHP_3.1.3_full\webstock\Lib\Action\IndexAction.class.php 第 23 行.
NOTIC: [8] Undefined variable: address E:\phpstudy\PHPTutorial\WWW\ThinkPHP_3.1.3_full\webstock\Lib\Action\IndexAction.class.php 第 26 行.
NOTIC: [8] Undefined variable: port E:\phpstudy\PHPTutorial\WWW\ThinkPHP_3.1.3_full\webstock\Lib\Action\IndexAction.class.php 第 26 行.

[ 2018-04-23T17:07:12+08:00 ] 0.0.0.0 /ThinkPHP_3.1.3_full/webstock/index.php
INFO: [ app_begin ] --START--
INFO: ReadHtmlCache Behavior ::run [ RunTime:0.001000s ]
INFO: [ app_begin ] --END-- [ RunTime:0.001000s ]
NOTIC: [2] Missing argument 1 for IndexAction::__construct(), called in E:\phpstudy\PHPTutorial\WWW\ThinkPHP_3.1.3_full\ThinkPHP\Common\common.php on line 466 and defined E:\phpstudy\PHPTutorial\WWW\ThinkPHP_3.1.3_full\webstock\Lib\Action\IndexAction.class.php 第 23 行.
NOTIC: [2] Missing argument 2 for IndexAction::__construct(), called in E:\phpstudy\PHPTutorial\WWW\ThinkPHP_3.1.3_full\ThinkPHP\Common\common.php on line 466 and defined E:\phpstudy\PHPTutorial\WWW\ThinkPHP_3.1.3_full\webstock\Lib\Action\IndexAction.class.php 第 23 行.
NOTIC: [8] Undefined variable: address E:\phpstudy\PHPTutorial\WWW\ThinkPHP_3.1.3_full\webstock\Lib\Action\IndexAction.class.php 第 26 行.
NOTIC: [8] Undefined variable: port E:\phpstudy\PHPTutorial\WWW\ThinkPHP_3.1.3_full\webstock\Lib\Action\IndexAction.class.php 第 26 行.

[ 2018-04-23T17:08:27+08:00 ] 0.0.0.0 /ThinkPHP_3.1.3_full/webstock/
INFO: [ app_begin ] --START--
INFO: ReadHtmlCache Behavior ::run [ RunTime:0.000000s ]
INFO: [ app_begin ] --END-- [ RunTime:0.000000s ]
NOTIC: [2] Missing argument 1 for IndexAction::__construct(), called in E:\phpstudy\PHPTutorial\WWW\ThinkPHP_3.1.3_full\ThinkPHP\Common\common.php on line 466 and defined E:\phpstudy\PHPTutorial\WWW\ThinkPHP_3.1.3_full\webstock\Lib\Action\IndexAction.class.php 第 23 行.
NOTIC: [2] Missing argument 2 for IndexAction::__construct(), called in E:\phpstudy\PHPTutorial\WWW\ThinkPHP_3.1.3_full\ThinkPHP\Common\common.php on line 466 and defined E:\phpstudy\PHPTutorial\WWW\ThinkPHP_3.1.3_full\webstock\Lib\Action\IndexAction.class.php 第 23 行.
NOTIC: [8] Undefined variable: address E:\phpstudy\PHPTutorial\WWW\ThinkPHP_3.1.3_full\webstock\Lib\Action\IndexAction.class.php 第 26 行.
NOTIC: [8] Undefined variable: port E:\phpstudy\PHPTutorial\WWW\ThinkPHP_3.1.3_full\webstock\Lib\Action\IndexAction.class.php 第 26 行.

[ 2018-04-23T17:08:53+08:00 ] 0.0.0.0 /ThinkPHP_3.1.3_full/webstock/
INFO: [ app_begin ] --START--
INFO: ReadHtmlCache Behavior ::run [ RunTime:0.001000s ]
INFO: [ app_begin ] --END-- [ RunTime:0.001000s ]
INFO: [ view_parse ] --START--
INFO: ParseTemplate Behavior ::run [ RunTime:0.011000s ]
INFO: [ view_parse ] --END-- [ RunTime:0.011000s ]
INFO: [ view_filter ] --START--
INFO: ContentReplace Behavior ::run [ RunTime:0.000000s ]
INFO: TokenBuild Behavior ::run [ RunTime:0.001000s ]
INFO: WriteHtmlCache Behavior ::run [ RunTime:0.000000s ]
INFO: ShowRuntime Behavior ::run [ RunTime:0.001001s ]
INFO: [ view_filter ] --END-- [ RunTime:0.002001s ]
INFO: [ view_end ] --START--
INFO: ShowPageTrace Behavior ::run [ RunTime:0.000000s ]
INFO: [ view_end ] --END-- [ RunTime:0.000000s ]

[ 2018-04-23T17:09:05+08:00 ] 0.0.0.0 /ThinkPHP_3.1.3_full/webstock/
INFO: [ app_begin ] --START--
INFO: ReadHtmlCache Behavior ::run [ RunTime:0.000000s ]
INFO: [ app_begin ] --END-- [ RunTime:0.000000s ]

[ 2018-04-23T17:09:11+08:00 ] 0.0.0.0 /ThinkPHP_3.1.3_full/webstock/
INFO: [ app_begin ] --START--
INFO: ReadHtmlCache Behavior ::run [ RunTime:0.000000s ]
INFO: [ app_begin ] --END-- [ RunTime:0.000000s ]

[ 2018-04-23T17:09:11+08:00 ] 0.0.0.0 /ThinkPHP_3.1.3_full/webstock/
INFO: [ app_begin ] --START--
INFO: ReadHtmlCache Behavior ::run [ RunTime:0.000000s ]
INFO: [ app_begin ] --END-- [ RunTime:0.000000s ]

[ 2018-04-23T17:09:12+08:00 ] 0.0.0.0 /ThinkPHP_3.1.3_full/webstock/
INFO: [ app_begin ] --START--
INFO: ReadHtmlCache Behavior ::run [ RunTime:0.001000s ]
INFO: [ app_begin ] --END-- [ RunTime:0.001000s ]

[ 2018-04-23T17:09:19+08:00 ] 0.0.0.0 /ThinkPHP_3.1.3_full/webstock/
INFO: [ app_begin ] --START--
INFO: ReadHtmlCache Behavior ::run [ RunTime:0.000000s ]
INFO: [ app_begin ] --END-- [ RunTime:0.000000s ]

[ 2018-04-23T17:09:21+08:00 ] 0.0.0.0 /ThinkPHP_3.1.3_full/webstock/
INFO: [ app_begin ] --START--
INFO: ReadHtmlCache Behavior ::run [ RunTime:0.000000s ]
INFO: [ app_begin ] --END-- [ RunTime:0.000000s ]

